2024-09-03 22:42:22,885 [PID 416001] INFO No binary specified, looking for `pyre.bin` in PATH
2024-09-03 22:42:22,885 [PID 416001] INFO Pyre binary is located at `/home/sprime01/.cache/pypoetry/virtualenvs/arp-autoarp-Piiy3tvn-py3.10/bin/pyre.bin`
2024-09-03 22:42:22,887 [PID 416001] INFO Could not determine the number of Pyre workers from configuration. Auto-set the value to 11.
2024-09-03 22:42:22,904 [PID 416001] INFO No typeshed specified, looking for it...
2024-09-03 22:42:22,904 [PID 416001] INFO Found: `/home/sprime01/.cache/pypoetry/virtualenvs/arp-autoarp-Piiy3tvn-py3.10/lib/pyre_check/typeshed`
2024-09-03 22:42:22,905 [PID 416001] INFO Writing arguments into /tmp/pyre_arguments_d1on7f_q.json...
2024-09-03 22:42:22,905 [PID 416001] DEBUG Arguments:
{
  "source_paths": {
    "kind": "simple",
    "paths": [
      "/home/sprime01/Projects/arp"
    ]
  },
  "search_paths": [
    "/home/sprime01/.cache/pypoetry/virtualenvs/arp-autoarp-Piiy3tvn-py3.10/lib/python3.10/site-packages$pydantic_core",
    "/home/sprime01/.cache/pypoetry/virtualenvs/arp-autoarp-Piiy3tvn-py3.10/lib/python3.10/site-packages$websocket",
    "/home/sprime01/.cache/pypoetry/virtualenvs/arp-autoarp-Piiy3tvn-py3.10/lib/python3.10/site-packages$overrides",
    "/home/sprime01/.cache/pypoetry/virtualenvs/arp-autoarp-Piiy3tvn-py3.10/lib/python3.10/site-packages$ipykernel",
    "/home/sprime01/.cache/pypoetry/virtualenvs/arp-autoarp-Piiy3tvn-py3.10/lib/python3.10/site-packages$isort",
    "/home/sprime01/.local/lib/python3.10/site-packages$pytest_bdd",
    "/home/sprime01/.cache/pypoetry/virtualenvs/arp-autoarp-Piiy3tvn-py3.10/lib/python3.10/site-packages$parso",
    "/home/sprime01/.cache/pypoetry/virtualenvs/arp-autoarp-Piiy3tvn-py3.10/lib/python3.10/site-packages$pythonjsonlogger",
    "/home/sprime01/.cache/pypoetry/virtualenvs/arp-autoarp-Piiy3tvn-py3.10/lib/python3.10/site-packages$faker",
    "/home/sprime01/.cache/pypoetry/virtualenvs/arp-autoarp-Piiy3tvn-py3.10/lib/python3.10/site-packages$uri_template",
    "/home/sprime01/.local/lib/python3.10/site-packages$tomli",
    "/home/sprime01/.cache/pypoetry/virtualenvs/arp-autoarp-Piiy3tvn-py3.10/lib/python3.10/site-packages$pkg_resources",
    "/home/sprime01/.cache/pypoetry/virtualenvs/arp-autoarp-Piiy3tvn-py3.10/lib/python3.10/site-packages$sniffio",
    "/home/sprime01/.cache/pypoetry/virtualenvs/arp-autoarp-Piiy3tvn-py3.10/lib/python3.10/site-packages$tornado",
    "/home/sprime01/.cache/pypoetry/virtualenvs/arp-autoarp-Piiy3tvn-py3.10/lib/python3.10/site-packages$sphinx",
    "/home/sprime01/.cache/pypoetry/virtualenvs/arp-autoarp-Piiy3tvn-py3.10/lib/python3.10/site-packages$attrs",
    "/home/sprime01/.cache/pypoetry/virtualenvs/arp-autoarp-Piiy3tvn-py3.10/lib/python3.10/site-packages$platformdirs",
    "/home/sprime01/.cache/pypoetry/virtualenvs/arp-autoarp-Piiy3tvn-py3.10/lib/python3.10/site-packages$dataclasses_json",
    "/home/sprime01/.cache/pypoetry/virtualenvs/arp-autoarp-Piiy3tvn-py3.10/lib/python3.10/site-packages$argon2",
    "/home/sprime01/.cache/pypoetry/virtualenvs/arp-autoarp-Piiy3tvn-py3.10/lib/python3.10/site-packages$jupyter_core",
    "/home/sprime01/.cache/pypoetry/virtualenvs/arp-autoarp-Piiy3tvn-py3.10/lib/python3.10/site-packages$babel",
    "/home/sprime01/.cache/pypoetry/virtualenvs/arp-autoarp-Piiy3tvn-py3.10/lib/python3.10/site-packages$charset_normalizer",
    "/home/sprime01/.cache/pypoetry/virtualenvs/arp-autoarp-Piiy3tvn-py3.10/lib/python3.10/site-packages$identify",
    "/home/sprime01/.cache/pypoetry/virtualenvs/arp-autoarp-Piiy3tvn-py3.10/lib/python3.10/site-packages$libcst",
    "/home/sprime01/.cache/pypoetry/virtualenvs/arp-autoarp-Piiy3tvn-py3.10/lib/python3.10/site-packages$filelock",
    "/home/sprime01/.cache/pypoetry/virtualenvs/arp-autoarp-Piiy3tvn-py3.10/lib/python3.10/site-packages$anyio",
    "/home/sprime01/.cache/pypoetry/virtualenvs/arp-autoarp-Piiy3tvn-py3.10/lib/python3.10/site-packages$pure_eval",
    "/home/sprime01/.cache/pypoetry/virtualenvs/arp-autoarp-Piiy3tvn-py3.10/lib/python3.10/site-packages$mypy",
    "/home/sprime01/.cache/pypoetry/virtualenvs/arp-autoarp-Piiy3tvn-py3.10/lib/python3.10/site-packages$nbconvert",
    "/home/sprime01/.cache/pypoetry/virtualenvs/arp-autoarp-Piiy3tvn-py3.10/lib/python3.10/site-packages$mistune",
    "/home/sprime01/.local/lib/python3.10/site-packages$pytest",
    "/home/sprime01/.cache/pypoetry/virtualenvs/arp-autoarp-Piiy3tvn-py3.10/lib/python3.10/site-packages$asttokens",
    "/home/sprime01/.cache/pypoetry/virtualenvs/arp-autoarp-Piiy3tvn-py3.10/lib/python3.10/site-packages$stack_data",
    "/home/sprime01/.cache/pypoetry/virtualenvs/arp-autoarp-Piiy3tvn-py3.10/lib/python3.10/site-packages$referencing",
    "/home/sprime01/.cache/pypoetry/virtualenvs/arp-autoarp-Piiy3tvn-py3.10/lib/python3.10/site-packages$pathspec",
    "/home/sprime01/.cache/pypoetry/virtualenvs/arp-autoarp-Piiy3tvn-py3.10/lib/python3.10/site-packages$markupsafe",
    "/home/sprime01/.cache/pypoetry/virtualenvs/arp-autoarp-Piiy3tvn-py3.10/lib/python3.10/site-packages$async_lru",
    "/home/sprime01/.cache/pypoetry/virtualenvs/arp-autoarp-Piiy3tvn-py3.10/lib/python3.10/site-packages$numpy",
    "/home/sprime01/.cache/pypoetry/virtualenvs/arp-autoarp-Piiy3tvn-py3.10/lib/python3.10/site-packages$attr",
    "/home/sprime01/.cache/pypoetry/virtualenvs/arp-autoarp-Piiy3tvn-py3.10/lib/python3.10/site-packages$dateutil-stubs",
    "/home/sprime01/.cache/pypoetry/virtualenvs/arp-autoarp-Piiy3tvn-py3.10/lib/python3.10/site-packages$dateutil",
    "/home/sprime01/.cache/pypoetry/virtualenvs/arp-autoarp-Piiy3tvn-py3.10/lib/python3.10/site-packages$jupyter_server_terminals",
    "/home/sprime01/.cache/pypoetry/virtualenvs/arp-autoarp-Piiy3tvn-py3.10/lib/python3.10/site-packages$prompt_toolkit",
    "/home/sprime01/.cache/pypoetry/virtualenvs/arp-autoarp-Piiy3tvn-py3.10/lib/python3.10/site-packages$pydantic",
    "/home/sprime01/.cache/pypoetry/virtualenvs/arp-autoarp-Piiy3tvn-py3.10/lib/python3.10/site-packages$jupyter_events",
    "/home/sprime01/.cache/pypoetry/virtualenvs/arp-autoarp-Piiy3tvn-py3.10/lib/python3.10/site-packages$traitlets",
    "/home/sprime01/.cache/pypoetry/virtualenvs/arp-autoarp-Piiy3tvn-py3.10/lib/python3.10/site-packages$soupsieve",
    "/home/sprime01/.cache/pypoetry/virtualenvs/arp-autoarp-Piiy3tvn-py3.10/lib/python3.10/site-packages$torch",
    "/home/sprime01/.cache/pypoetry/virtualenvs/arp-autoarp-Piiy3tvn-py3.10/lib/python3.10/site-packages$certifi",
    "/home/sprime01/.local/lib/python3.10/site-packages$pluggy",
    "/home/sprime01/.cache/pypoetry/virtualenvs/arp-autoarp-Piiy3tvn-py3.10/lib/python3.10/site-packages$rpds",
    "/home/sprime01/.cache/pypoetry/virtualenvs/arp-autoarp-Piiy3tvn-py3.10/lib/python3.10/site-packages$packaging",
    "/home/sprime01/.cache/pypoetry/virtualenvs/arp-autoarp-Piiy3tvn-py3.10/lib/python3.10/site-packages$terminado",
    "/home/sprime01/.cache/pypoetry/virtualenvs/arp-autoarp-Piiy3tvn-py3.10/lib/python3.10/site-packages$jupyter_client",
    "/home/sprime01/.cache/pypoetry/virtualenvs/arp-autoarp-Piiy3tvn-py3.10/lib/python3.10/site-packages$nbclient",
    "/home/sprime01/.cache/pypoetry/virtualenvs/arp-autoarp-Piiy3tvn-py3.10/lib/python3.10/site-packages$black",
    "/home/sprime01/.cache/pypoetry/virtualenvs/arp-autoarp-Piiy3tvn-py3.10/lib/python3.10/site-packages$urllib3",
    "/home/sprime01/.cache/pypoetry/virtualenvs/arp-autoarp-Piiy3tvn-py3.10/lib/python3.10/site-packages$prometheus_client",
    "/home/sprime01/.cache/pypoetry/virtualenvs/arp-autoarp-Piiy3tvn-py3.10/lib/python3.10/site-packages$httpcore",
    "/home/sprime01/.cache/pypoetry/virtualenvs/arp-autoarp-Piiy3tvn-py3.10/lib/python3.10/site-packages$nbformat",
    "/home/sprime01/.cache/pypoetry/virtualenvs/arp-autoarp-Piiy3tvn-py3.10/lib/python3.10/site-packages$click",
    "/home/sprime01/.cache/pypoetry/virtualenvs/arp-autoarp-Piiy3tvn-py3.10/lib/python3.10/site-packages$arrow",
    "/home/sprime01/.local/lib/python3.10/site-packages$_pytest",
    "/home/sprime01/.cache/pypoetry/virtualenvs/arp-autoarp-Piiy3tvn-py3.10/lib/python3.10/site-packages$coverage",
    "/home/sprime01/.cache/pypoetry/virtualenvs/arp-autoarp-Piiy3tvn-py3.10/lib/python3.10/site-packages$json5",
    "/home/sprime01/.cache/pypoetry/virtualenvs/arp-autoarp-Piiy3tvn-py3.10/lib/python3.10/site-packages$zmq",
    "/home/sprime01/.cache/pypoetry/virtualenvs/arp-autoarp-Piiy3tvn-py3.10/lib/python3.10/site-packages$httpx",
    "/home/sprime01/.cache/pypoetry/virtualenvs/arp-autoarp-Piiy3tvn-py3.10/lib/python3.10/site-packages$jupyterlab_server",
    "/home/sprime01/.cache/pypoetry/virtualenvs/arp-autoarp-Piiy3tvn-py3.10/lib/python3.10/site-packages$testslide",
    "/home/sprime01/.cache/pypoetry/virtualenvs/arp-autoarp-Piiy3tvn-py3.10/lib/python3.10/site-packages$h11",
    "/home/sprime01/.cache/pypoetry/virtualenvs/arp-autoarp-Piiy3tvn-py3.10/lib/python3.10/site-packages$marshmallow",
    "/home/sprime01/.cache/pypoetry/virtualenvs/arp-autoarp-Piiy3tvn-py3.10/lib/python3.10/site-packages$executing",
    "/home/sprime01/.cache/pypoetry/virtualenvs/arp-autoarp-Piiy3tvn-py3.10/lib/python3.10/site-packages$PIL",
    "/home/sprime01/.cache/pypoetry/virtualenvs/arp-autoarp-Piiy3tvn-py3.10/lib/python3.10/site-packages$typeguard",
    "/home/sprime01/.cache/pypoetry/virtualenvs/arp-autoarp-Piiy3tvn-py3.10/lib/python3.10/site-packages$IPython",
    "/home/sprime01/.cache/pypoetry/virtualenvs/arp-autoarp-Piiy3tvn-py3.10/lib/python3.10/site-packages$jupyter_server",
    "/home/sprime01/.cache/pypoetry/virtualenvs/arp-autoarp-Piiy3tvn-py3.10/lib/python3.10/site-packages$idna",
    "/home/sprime01/.cache/pypoetry/virtualenvs/arp-autoarp-Piiy3tvn-py3.10/lib/python3.10/site-packages$comm",
    "/home/sprime01/.local/lib/python3.10/site-packages$iniconfig",
    "/home/sprime01/.cache/pypoetry/virtualenvs/arp-autoarp-Piiy3tvn-py3.10/lib/python3.10/site-packages$pip",
    "/home/sprime01/.local/lib/python3.10/site-packages$exceptiongroup",
    "/home/sprime01/.cache/pypoetry/virtualenvs/arp-autoarp-Piiy3tvn-py3.10/lib/python3.10/site-packages$jinja2",
    "/home/sprime01/.cache/pypoetry/virtualenvs/arp-autoarp-Piiy3tvn-py3.10/lib/python3.10/site-packages$annotated_types",
    "/home/sprime01/.cache/pypoetry/virtualenvs/arp-autoarp-Piiy3tvn-py3.10/lib/pyre_check/typeshed/stdlib",
    "/home/sprime01/.cache/pypoetry/virtualenvs/arp-autoarp-Piiy3tvn-py3.10/lib/pyre_check/typeshed/stubs/ExifRead",
    "/home/sprime01/.cache/pypoetry/virtualenvs/arp-autoarp-Piiy3tvn-py3.10/lib/pyre_check/typeshed/stubs/Pillow",
    "/home/sprime01/.cache/pypoetry/virtualenvs/arp-autoarp-Piiy3tvn-py3.10/lib/pyre_check/typeshed/stubs/PyMySQL",
    "/home/sprime01/.cache/pypoetry/virtualenvs/arp-autoarp-Piiy3tvn-py3.10/lib/pyre_check/typeshed/stubs/PyYAML",
    "/home/sprime01/.cache/pypoetry/virtualenvs/arp-autoarp-Piiy3tvn-py3.10/lib/pyre_check/typeshed/stubs/aiofiles",
    "/home/sprime01/.cache/pypoetry/virtualenvs/arp-autoarp-Piiy3tvn-py3.10/lib/pyre_check/typeshed/stubs/boto",
    "/home/sprime01/.cache/pypoetry/virtualenvs/arp-autoarp-Piiy3tvn-py3.10/lib/pyre_check/typeshed/stubs/chevron",
    "/home/sprime01/.cache/pypoetry/virtualenvs/arp-autoarp-Piiy3tvn-py3.10/lib/pyre_check/typeshed/stubs/colorama",
    "/home/sprime01/.cache/pypoetry/virtualenvs/arp-autoarp-Piiy3tvn-py3.10/lib/pyre_check/typeshed/stubs/ldap3",
    "/home/sprime01/.cache/pypoetry/virtualenvs/arp-autoarp-Piiy3tvn-py3.10/lib/pyre_check/typeshed/stubs/mysqlclient",
    "/home/sprime01/.cache/pypoetry/virtualenvs/arp-autoarp-Piiy3tvn-py3.10/lib/pyre_check/typeshed/stubs/paramiko",
    "/home/sprime01/.cache/pypoetry/virtualenvs/arp-autoarp-Piiy3tvn-py3.10/lib/pyre_check/typeshed/stubs/psycopg2",
    "/home/sprime01/.cache/pypoetry/virtualenvs/arp-autoarp-Piiy3tvn-py3.10/lib/pyre_check/typeshed/stubs/pycurl",
    "/home/sprime01/.cache/pypoetry/virtualenvs/arp-autoarp-Piiy3tvn-py3.10/lib/pyre_check/typeshed/stubs/python-dateutil",
    "/home/sprime01/.cache/pypoetry/virtualenvs/arp-autoarp-Piiy3tvn-py3.10/lib/pyre_check/typeshed/stubs/pytz",
    "/home/sprime01/.cache/pypoetry/virtualenvs/arp-autoarp-Piiy3tvn-py3.10/lib/pyre_check/typeshed/stubs/regex",
    "/home/sprime01/.cache/pypoetry/virtualenvs/arp-autoarp-Piiy3tvn-py3.10/lib/pyre_check/typeshed/stubs/requests",
    "/home/sprime01/.cache/pypoetry/virtualenvs/arp-autoarp-Piiy3tvn-py3.10/lib/pyre_check/typeshed/stubs/retry",
    "/home/sprime01/.cache/pypoetry/virtualenvs/arp-autoarp-Piiy3tvn-py3.10/lib/pyre_check/typeshed/stubs/tqdm",
    "/home/sprime01/.cache/pypoetry/virtualenvs/arp-autoarp-Piiy3tvn-py3.10/lib/pyre_check/typeshed/stubs/ujson"
  ],
  "excludes": [],
  "checked_directory_allowlist": [
    "/home/sprime01/Projects/arp"
  ],
  "checked_directory_blocklist": [],
  "extensions": [],
  "log_path": "/home/sprime01/Projects/arp/.pyre",
  "global_root": "/home/sprime01/Projects/arp",
  "debug": false,
  "python_version": {
    "major": 3,
    "minor": 10,
    "micro": 12
  },
  "shared_memory": {},
  "parallel": true,
  "number_of_workers": 11,
  "additional_logging_sections": [],
  "show_error_traces": false,
  "strict": false
}
2024-09-03 22:42:22,909 [PID 416001] ERROR [Errno 8] Exec format error: '/home/sprime01/.cache/pypoetry/virtualenvs/arp-autoarp-Piiy3tvn-py3.10/bin/pyre.bin'
